Determining if the pthread_create exist failed with the following output:
Change Dir: /home/ed/Projects/git-workspace/3d-tests/build/CMakeFiles/CMakeTmp

Run Build Command:"/usr/bin/make" "cmTC_c2491/fast"
/usr/bin/make -f CMakeFiles/cmTC_c2491.dir/build.make CMakeFiles/cmTC_c2491.dir/build
make[1]: Entering directory '/home/ed/Projects/git-workspace/3d-tests/build/CMakeFiles/CMakeTmp'
Building C object CMakeFiles/cmTC_c2491.dir/CheckSymbolExists.c.o
/usr/bin/gcc-7    -o CMakeFiles/cmTC_c2491.dir/CheckSymbolExists.c.o   -c /home/ed/Projects/git-workspace/3d-tests/build/CMakeFiles/CMakeTmp/CheckSymbolExists.c
Linking C executable cmTC_c2491
/usr/bin/cmake -E cmake_link_script CMakeFiles/cmTC_c2491.dir/link.txt --verbose=1
/usr/bin/gcc-7      -rdynamic CMakeFiles/cmTC_c2491.dir/CheckSymbolExists.c.o  -o cmTC_c2491 
CMakeFiles/cmTC_c2491.dir/CheckSymbolExists.c.o: In function `main':
CheckSymbolExists.c:(.text+0x1b): undefined reference to `pthread_create'
collect2: error: ld returned 1 exit status
CMakeFiles/cmTC_c2491.dir/build.make:97: recipe for target 'cmTC_c2491' failed
make[1]: *** [cmTC_c2491] Error 1
make[1]: Leaving directory '/home/ed/Projects/git-workspace/3d-tests/build/CMakeFiles/CMakeTmp'
Makefile:126: recipe for target 'cmTC_c2491/fast' failed
make: *** [cmTC_c2491/fast] Error 2

File /home/ed/Projects/git-workspace/3d-tests/build/CMakeFiles/CMakeTmp/CheckSymbolExists.c:
/* */
#include <pthread.h>

int main(int argc, char** argv)
{
  (void)argv;
#ifndef pthread_create
  return ((int*)(&pthread_create))[argc];
#else
  (void)argc;
  return 0;
#endif
}

Determining if the function pthread_create exists in the pthreads failed with the following output:
Change Dir: /home/ed/Projects/git-workspace/3d-tests/build/CMakeFiles/CMakeTmp

Run Build Command:"/usr/bin/make" "cmTC_43281/fast"
/usr/bin/make -f CMakeFiles/cmTC_43281.dir/build.make CMakeFiles/cmTC_43281.dir/build
make[1]: Entering directory '/home/ed/Projects/git-workspace/3d-tests/build/CMakeFiles/CMakeTmp'
Building C object CMakeFiles/cmTC_43281.dir/CheckFunctionExists.c.o
/usr/bin/gcc-7   -DCHECK_FUNCTION_EXISTS=pthread_create   -o CMakeFiles/cmTC_43281.dir/CheckFunctionExists.c.o   -c /usr/share/cmake-3.10/Modules/CheckFunctionExists.c
Linking C executable cmTC_43281
/usr/bin/cmake -E cmake_link_script CMakeFiles/cmTC_43281.dir/link.txt --verbose=1
/usr/bin/gcc-7  -DCHECK_FUNCTION_EXISTS=pthread_create    -rdynamic CMakeFiles/cmTC_43281.dir/CheckFunctionExists.c.o  -o cmTC_43281 -lpthreads 
/usr/bin/x86_64-linux-gnu-ld: cannot find -lpthreads
collect2: error: ld returned 1 exit status
CMakeFiles/cmTC_43281.dir/build.make:97: recipe for target 'cmTC_43281' failed
make[1]: *** [cmTC_43281] Error 1
make[1]: Leaving directory '/home/ed/Projects/git-workspace/3d-tests/build/CMakeFiles/CMakeTmp'
Makefile:126: recipe for target 'cmTC_43281/fast' failed
make: *** [cmTC_43281/fast] Error 2


